  [1m[35m (203.6ms)[0m  [1m[35mCREATE DATABASE "DiscoverIt-2208-BE_development" ENCODING = 'unicode'[0m
  ↳ bin/rails:9
  [1m[35m (83.4ms)[0m  [1m[35mCREATE DATABASE "DiscoverIt-2208-BE_test" ENCODING = 'unicode'[0m
  ↳ bin/rails:9
  [1m[35m (0.3ms)[0m  [1m[35mDROP DATABASE IF EXISTS "DiscoverIt-2208-BE_development"[0m
  ↳ bin/rails:9
  [1m[35m (0.1ms)[0m  [1m[35mDROP DATABASE IF EXISTS "DiscoverIt-2208-BE_test"[0m
  ↳ bin/rails:9
  [1m[35m (230.1ms)[0m  [1m[35mCREATE DATABASE "DiscoverIt-2208-BE_development" ENCODING = 'unicode'[0m
  ↳ bin/rails:9
  [1m[35m (40.5ms)[0m  [1m[35mCREATE DATABASE "DiscoverIt-2208-BE_test" ENCODING = 'unicode'[0m
  ↳ bin/rails:9
  [1m[35m (4.2ms)[0m  [1m[35mCREATE TABLE "schema_migrations" ("version" character varying NOT NULL PRIMARY KEY)[0m
  ↳ bin/rails:9
  [1m[35m (3.9ms)[0m  [1m[35mCREATE TABLE "ar_internal_metadata" ("key" character varying NOT NULL PRIMARY KEY, "value" character varying, "created_at" timestamp NOT NULL, "updated_at" timestamp NOT NULL)[0m
  ↳ bin/rails:9
  [1m[35m (0.1ms)[0m  [1m[34mSELECT pg_try_advisory_lock(5567909666492224275)[0m
  ↳ bin/rails:9
  [1m[35m (0.3ms)[0m  [1m[34mSELECT "schema_migrations"."version" FROM "schema_migrations" ORDER BY "schema_migrations"."version" ASC[0m
  ↳ bin/rails:9
  [1m[36mActiveRecord::InternalMetadata Load (0.2ms)[0m  [1m[34mSELECT  "ar_internal_metadata".* FROM "ar_internal_metadata" WHERE "ar_internal_metadata"."key" = $1 LIMIT $2[0m  [["key", "environment"], ["LIMIT", 1]]
  ↳ bin/rails:9
  [1m[35m (0.1ms)[0m  [1m[35mBEGIN[0m
  ↳ bin/rails:9
  [1m[36mActiveRecord::InternalMetadata Create (9.3ms)[0m  [1m[32mINSERT INTO "ar_internal_metadata" ("key", "value", "created_at", "updated_at") VALUES ($1, $2, $3, $4) RETURNING "key"[0m  [["key", "environment"], ["value", "development"], ["created_at", "2023-02-05 21:13:19.703726"], ["updated_at", "2023-02-05 21:13:19.703726"]]
  ↳ bin/rails:9
  [1m[35m (0.1ms)[0m  [1m[35mCOMMIT[0m
  ↳ bin/rails:9
  [1m[35m (0.1ms)[0m  [1m[34mSELECT pg_advisory_unlock(5567909666492224275)[0m
  ↳ bin/rails:9
  [1m[35m (0.1ms)[0m  [1m[34mSELECT "schema_migrations"."version" FROM "schema_migrations" ORDER BY "schema_migrations"."version" ASC[0m
  ↳ bin/rails:9
  [1m[35m (0.1ms)[0m  [1m[34mSELECT "schema_migrations"."version" FROM "schema_migrations" ORDER BY "schema_migrations"."version" ASC[0m
  ↳ bin/rails:9
